<?xml version="1.0" encoding="UTF-8"?>
<coverage generated="1765655136263" clover="3.2.0">
  <project timestamp="1765655136263" name="All files">
    <metrics statements="206" coveredstatements="195" conditionals="121" coveredconditionals="105" methods="60" coveredmethods="57" elements="387" coveredelements="357" complexity="0" loc="206" ncloc="206" packages="16" files="17" classes="17"/>
    <package name="src">
      <metrics statements="2" coveredstatements="0" conditionals="0" coveredconditionals="0" methods="0" coveredmethods="0"/>
      <file name="index.tsx" path="C:\Users\bivar\OneDrive\Documentos\Projects\live-crypto-rates\frontend\src\index.tsx">
        <metrics statements="2" coveredstatements="0" conditionals="0" coveredconditionals="0" methods="0" coveredmethods="0"/>
        <line num="6" count="0" type="stmt"/>
        <line num="9" count="0" type="stmt"/>
      </file>
    </package>
    <package name="src.App">
      <metrics statements="1" coveredstatements="1" conditionals="0" coveredconditionals="0" methods="1" coveredmethods="1"/>
      <file name="App.tsx" path="C:\Users\bivar\OneDrive\Documentos\Projects\live-crypto-rates\frontend\src\App\App.tsx">
        <metrics statements="1" coveredstatements="1" conditionals="0" coveredconditionals="0" methods="1" coveredmethods="1"/>
        <line num="6" count="2" type="stmt"/>
      </file>
    </package>
    <package name="src.components.Dashboard">
      <metrics statements="12" coveredstatements="12" conditionals="15" coveredconditionals="15" methods="2" coveredmethods="2"/>
      <file name="Dashboard.tsx" path="C:\Users\bivar\OneDrive\Documentos\Projects\live-crypto-rates\frontend\src\components\Dashboard\Dashboard.tsx">
        <metrics statements="12" coveredstatements="12" conditionals="15" coveredconditionals="15" methods="2" coveredmethods="2"/>
        <line num="8" count="1" type="stmt"/>
        <line num="10" count="10" type="stmt"/>
        <line num="12" count="10" type="stmt"/>
        <line num="13" count="10" type="cond" truecount="2" falsecount="0"/>
        <line num="15" count="10" type="stmt"/>
        <line num="38" count="30" type="stmt"/>
        <line num="39" count="30" type="stmt"/>
        <line num="40" count="30" type="stmt"/>
        <line num="42" count="30" type="cond" truecount="3" falsecount="0"/>
        <line num="46" count="30" type="cond" truecount="4" falsecount="0"/>
        <line num="47" count="17" type="stmt"/>
        <line num="50" count="13" type="stmt"/>
      </file>
    </package>
    <package name="src.components.PriceCard">
      <metrics statements="4" coveredstatements="4" conditionals="3" coveredconditionals="3" methods="1" coveredmethods="1"/>
      <file name="PriceCard.tsx" path="C:\Users\bivar\OneDrive\Documentos\Projects\live-crypto-rates\frontend\src\components\PriceCard\PriceCard.tsx">
        <metrics statements="4" coveredstatements="4" conditionals="3" coveredconditionals="3" methods="1" coveredmethods="1"/>
        <line num="12" count="1" type="stmt"/>
        <line num="20" count="10" type="stmt"/>
        <line num="21" count="10" type="stmt"/>
        <line num="23" count="10" type="stmt"/>
      </file>
    </package>
    <package name="src.components.PriceCard.CardFooter">
      <metrics statements="4" coveredstatements="4" conditionals="8" coveredconditionals="8" methods="1" coveredmethods="1"/>
      <file name="CardFooter.tsx" path="C:\Users\bivar\OneDrive\Documentos\Projects\live-crypto-rates\frontend\src\components\PriceCard\CardFooter\CardFooter.tsx">
        <metrics statements="4" coveredstatements="4" conditionals="8" coveredconditionals="8" methods="1" coveredmethods="1"/>
        <line num="11" count="1" type="stmt"/>
        <line num="16" count="12" type="cond" truecount="2" falsecount="0"/>
        <line num="17" count="12" type="cond" truecount="4" falsecount="0"/>
        <line num="21" count="12" type="stmt"/>
      </file>
    </package>
    <package name="src.components.PriceCard.CardHeader">
      <metrics statements="2" coveredstatements="2" conditionals="0" coveredconditionals="0" methods="1" coveredmethods="1"/>
      <file name="CardHeader.tsx" path="C:\Users\bivar\OneDrive\Documentos\Projects\live-crypto-rates\frontend\src\components\PriceCard\CardHeader\CardHeader.tsx">
        <metrics statements="2" coveredstatements="2" conditionals="0" coveredconditionals="0" methods="1" coveredmethods="1"/>
        <line num="8" count="1" type="stmt"/>
        <line num="9" count="6" type="stmt"/>
      </file>
    </package>
    <package name="src.components.PriceCard.HourlyAverage">
      <metrics statements="2" coveredstatements="2" conditionals="2" coveredconditionals="2" methods="1" coveredmethods="1"/>
      <file name="HourlyAverage.tsx" path="C:\Users\bivar\OneDrive\Documentos\Projects\live-crypto-rates\frontend\src\components\PriceCard\HourlyAverage\HourlyAverage.tsx">
        <metrics statements="2" coveredstatements="2" conditionals="2" coveredconditionals="2" methods="1" coveredmethods="1"/>
        <line num="10" count="1" type="stmt"/>
        <line num="11" count="8" type="stmt"/>
      </file>
    </package>
    <package name="src.components.PriceCard.PriceCardSkeleton">
      <metrics statements="3" coveredstatements="3" conditionals="0" coveredconditionals="0" methods="2" coveredmethods="2"/>
      <file name="PriceCardSkeleton.tsx" path="C:\Users\bivar\OneDrive\Documentos\Projects\live-crypto-rates\frontend\src\components\PriceCard\PriceCardSkeleton\PriceCardSkeleton.tsx">
        <metrics statements="3" coveredstatements="3" conditionals="0" coveredconditionals="0" methods="2" coveredmethods="2"/>
        <line num="4" count="2" type="stmt"/>
        <line num="5" count="34" type="stmt"/>
        <line num="26" count="340" type="stmt"/>
      </file>
    </package>
    <package name="src.components.PriceCard.PriceChart">
      <metrics statements="27" coveredstatements="21" conditionals="17" coveredconditionals="12" methods="8" coveredmethods="6"/>
      <file name="PriceChart.tsx" path="C:\Users\bivar\OneDrive\Documentos\Projects\live-crypto-rates\frontend\src\components\PriceCard\PriceChart\PriceChart.tsx">
        <metrics statements="27" coveredstatements="21" conditionals="17" coveredconditionals="12" methods="8" coveredmethods="6"/>
        <line num="15" count="1" type="stmt"/>
        <line num="16" count="26" type="stmt"/>
        <line num="17" count="26" type="cond" truecount="4" falsecount="0"/>
        <line num="19" count="24" type="stmt"/>
        <line num="20" count="24" type="stmt"/>
        <line num="22" count="24" type="stmt"/>
        <line num="24" count="58" type="cond" truecount="2" falsecount="0"/>
        <line num="25" count="58" type="stmt"/>
        <line num="31" count="58" type="stmt"/>
        <line num="32" count="34" type="stmt"/>
        <line num="34" count="24" type="stmt"/>
        <line num="37" count="26" type="stmt"/>
        <line num="38" count="26" type="cond" truecount="2" falsecount="0"/>
        <line num="39" count="22" type="stmt"/>
        <line num="40" count="22" type="stmt"/>
        <line num="41" count="22" type="stmt"/>
        <line num="44" count="26" type="cond" truecount="2" falsecount="0"/>
        <line num="45" count="2" type="stmt"/>
        <line num="48" count="24" type="stmt"/>
        <line num="49" count="0" type="stmt"/>
        <line num="50" count="0" type="stmt"/>
        <line num="56" count="24" type="stmt"/>
        <line num="57" count="0" type="cond" truecount="0" falsecount="5"/>
        <line num="58" count="0" type="stmt"/>
        <line num="59" count="0" type="stmt"/>
        <line num="66" count="0" type="stmt"/>
        <line num="69" count="24" type="stmt"/>
      </file>
    </package>
    <package name="src.components.PriceCard.PriceDisplay">
      <metrics statements="2" coveredstatements="2" conditionals="4" coveredconditionals="4" methods="1" coveredmethods="1"/>
      <file name="PriceDisplay.tsx" path="C:\Users\bivar\OneDrive\Documentos\Projects\live-crypto-rates\frontend\src\components\PriceCard\PriceDisplay\PriceDisplay.tsx">
        <metrics statements="2" coveredstatements="2" conditionals="4" coveredconditionals="4" methods="1" coveredmethods="1"/>
        <line num="11" count="1" type="stmt"/>
        <line num="12" count="7" type="stmt"/>
      </file>
    </package>
    <package name="src.components.PriceCard.hooks">
      <metrics statements="15" coveredstatements="15" conditionals="12" coveredconditionals="12" methods="6" coveredmethods="6"/>
      <file name="usePriceTrend.ts" path="C:\Users\bivar\OneDrive\Documentos\Projects\live-crypto-rates\frontend\src\components\PriceCard\hooks\usePriceTrend.ts">
        <metrics statements="11" coveredstatements="11" conditionals="10" coveredconditionals="10" methods="4" coveredmethods="4"/>
        <line num="10" count="2" type="stmt"/>
        <line num="13" count="10" type="stmt"/>
        <line num="14" count="10" type="cond" truecount="4" falsecount="0"/>
        <line num="16" count="7" type="stmt"/>
        <line num="17" count="16" type="stmt"/>
        <line num="24" count="9" type="stmt"/>
        <line num="26" count="7" type="stmt"/>
        <line num="27" count="7" type="stmt"/>
        <line num="29" count="7" type="cond" truecount="2" falsecount="0"/>
        <line num="30" count="3" type="cond" truecount="2" falsecount="0"/>
        <line num="31" count="1" type="stmt"/>
      </file>
      <file name="useTimestamp.ts" path="C:\Users\bivar\OneDrive\Documentos\Projects\live-crypto-rates\frontend\src\components\PriceCard\hooks\useTimestamp.ts">
        <metrics statements="4" coveredstatements="4" conditionals="2" coveredconditionals="2" methods="2" coveredmethods="2"/>
        <line num="4" count="2" type="stmt"/>
        <line num="5" count="8" type="stmt"/>
        <line num="6" count="7" type="cond" truecount="2" falsecount="0"/>
        <line num="7" count="6" type="stmt"/>
      </file>
    </package>
    <package name="src.constants">
      <metrics statements="2" coveredstatements="2" conditionals="0" coveredconditionals="0" methods="0" coveredmethods="0"/>
      <file name="crypto.ts" path="C:\Users\bivar\OneDrive\Documentos\Projects\live-crypto-rates\frontend\src\constants\crypto.ts">
        <metrics statements="2" coveredstatements="2" conditionals="0" coveredconditionals="0" methods="0" coveredmethods="0"/>
        <line num="1" count="1" type="stmt"/>
        <line num="7" count="1" type="stmt"/>
      </file>
    </package>
    <package name="src.hooks">
      <metrics statements="62" coveredstatements="62" conditionals="14" coveredconditionals="9" methods="19" coveredmethods="19"/>
      <file name="useCryptoPrices.ts" path="C:\Users\bivar\OneDrive\Documentos\Projects\live-crypto-rates\frontend\src\hooks\useCryptoPrices.ts">
        <metrics statements="62" coveredstatements="62" conditionals="14" coveredconditionals="9" methods="19" coveredmethods="19"/>
        <line num="21" count="2" type="stmt"/>
        <line num="22" count="27" type="stmt"/>
        <line num="23" count="27" type="stmt"/>
        <line num="26" count="27" type="stmt"/>
        <line num="29" count="27" type="stmt"/>
        <line num="31" count="27" type="stmt"/>
        <line num="32" count="14" type="stmt"/>
        <line num="34" count="14" type="stmt"/>
        <line num="35" count="14" type="stmt"/>
        <line num="37" count="14" type="stmt"/>
        <line num="38" count="2" type="stmt"/>
        <line num="40" count="2" type="stmt"/>
        <line num="41" count="2" type="stmt"/>
        <line num="42" count="2" type="stmt"/>
        <line num="43" count="2" type="cond" truecount="2" falsecount="0"/>
        <line num="46" count="2" type="stmt"/>
        <line num="48" count="2" type="stmt"/>
        <line num="52" count="14" type="stmt"/>
        <line num="53" count="5" type="cond" truecount="1" falsecount="1"/>
        <line num="55" count="5" type="stmt"/>
        <line num="64" count="5" type="stmt"/>
        <line num="65" count="5" type="cond" truecount="2" falsecount="0"/>
        <line num="66" count="5" type="stmt"/>
        <line num="67" count="5" type="stmt"/>
        <line num="69" count="5" type="stmt"/>
        <line num="70" count="2" type="cond" truecount="1" falsecount="1"/>
        <line num="71" count="2" type="stmt"/>
        <line num="74" count="5" type="stmt"/>
        <line num="81" count="14" type="stmt"/>
        <line num="84" count="1" type="stmt"/>
        <line num="87" count="14" type="stmt"/>
        <line num="88" count="1" type="stmt"/>
        <line num="94" count="14" type="stmt"/>
        <line num="95" count="14" type="stmt"/>
        <line num="96" count="14" type="stmt"/>
        <line num="97" count="14" type="stmt"/>
        <line num="99" count="14" type="stmt"/>
        <line num="100" count="14" type="cond" truecount="1" falsecount="1"/>
        <line num="101" count="14" type="stmt"/>
        <line num="102" count="14" type="stmt"/>
        <line num="103" count="14" type="stmt"/>
        <line num="106" count="14" type="stmt"/>
        <line num="107" count="1" type="stmt"/>
        <line num="108" count="1" type="stmt"/>
        <line num="109" count="1" type="stmt"/>
        <line num="110" count="1" type="stmt"/>
        <line num="112" count="1" type="stmt"/>
        <line num="113" count="1" type="stmt"/>
        <line num="114" count="1" type="cond" truecount="1" falsecount="1"/>
        <line num="115" count="1" type="stmt"/>
        <line num="119" count="1" type="stmt"/>
        <line num="123" count="14" type="stmt"/>
        <line num="124" count="14" type="stmt"/>
        <line num="125" count="14" type="stmt"/>
        <line num="126" count="14" type="stmt"/>
        <line num="127" count="14" type="stmt"/>
        <line num="128" count="14" type="stmt"/>
        <line num="129" count="14" type="cond" truecount="1" falsecount="1"/>
        <line num="130" count="14" type="stmt"/>
        <line num="131" count="14" type="stmt"/>
        <line num="133" count="14" type="stmt"/>
        <line num="137" count="27" type="stmt"/>
      </file>
    </package>
    <package name="src.services">
      <metrics statements="27" coveredstatements="24" conditionals="14" coveredconditionals="11" methods="11" coveredmethods="10"/>
      <file name="websocket.service.ts" path="C:\Users\bivar\OneDrive\Documentos\Projects\live-crypto-rates\frontend\src\services\websocket.service.ts">
        <metrics statements="27" coveredstatements="24" conditionals="14" coveredconditionals="11" methods="11" coveredmethods="10"/>
        <line num="23" count="2" type="stmt"/>
        <line num="27" count="2" type="stmt"/>
        <line num="28" count="2" type="cond" truecount="1" falsecount="1"/>
        <line num="29" count="0" type="stmt"/>
        <line num="30" count="2" type="cond" truecount="1" falsecount="1"/>
        <line num="34" count="2" type="stmt"/>
        <line num="36" count="0" type="stmt"/>
        <line num="41" count="15" type="cond" truecount="2" falsecount="0"/>
        <line num="42" count="1" type="stmt"/>
        <line num="45" count="14" type="stmt"/>
        <line num="52" count="14" type="stmt"/>
        <line num="53" count="1" type="stmt"/>
        <line num="54" count="1" type="stmt"/>
        <line num="57" count="14" type="stmt"/>
        <line num="58" count="0" type="stmt"/>
        <line num="63" count="2" type="cond" truecount="2" falsecount="0"/>
        <line num="64" count="1" type="stmt"/>
        <line num="65" count="1" type="stmt"/>
        <line num="70" count="2" type="stmt"/>
        <line num="74" count="1" type="stmt"/>
        <line num="80" count="1" type="stmt"/>
        <line num="84" count="1" type="stmt"/>
        <line num="88" count="2" type="cond" truecount="2" falsecount="0"/>
        <line num="89" count="1" type="stmt"/>
        <line num="91" count="1" type="stmt"/>
        <line num="96" count="3" type="cond" truecount="2" falsecount="0"/>
        <line num="100" count="2" type="stmt"/>
      </file>
    </package>
    <package name="src.types">
      <metrics statements="0" coveredstatements="0" conditionals="0" coveredconditionals="0" methods="0" coveredmethods="0"/>
      <file name="price.ts" path="C:\Users\bivar\OneDrive\Documentos\Projects\live-crypto-rates\frontend\src\types\price.ts">
        <metrics statements="0" coveredstatements="0" conditionals="0" coveredconditionals="0" methods="0" coveredmethods="0"/>
      </file>
    </package>
    <package name="src.utils">
      <metrics statements="41" coveredstatements="41" conditionals="32" coveredconditionals="29" methods="6" coveredmethods="6"/>
      <file name="formatters.ts" path="C:\Users\bivar\OneDrive\Documentos\Projects\live-crypto-rates\frontend\src\utils\formatters.ts">
        <metrics statements="41" coveredstatements="41" conditionals="32" coveredconditionals="29" methods="6" coveredmethods="6"/>
        <line num="1" count="2" type="stmt"/>
        <line num="2" count="11" type="cond" truecount="4" falsecount="0"/>
        <line num="3" count="9" type="cond" truecount="2" falsecount="0"/>
        <line num="4" count="3" type="stmt"/>
        <line num="6" count="6" type="cond" truecount="2" falsecount="0"/>
        <line num="7" count="2" type="stmt"/>
        <line num="9" count="4" type="stmt"/>
        <line num="15" count="2" type="stmt"/>
        <line num="16" count="5" type="cond" truecount="2" falsecount="0"/>
        <line num="17" count="2" type="cond" truecount="2" falsecount="0"/>
        <line num="18" count="2" type="stmt"/>
        <line num="19" count="2" type="cond" truecount="1" falsecount="1"/>
        <line num="20" count="2" type="stmt"/>
        <line num="28" count="2" type="stmt"/>
        <line num="29" count="4" type="cond" truecount="2" falsecount="0"/>
        <line num="30" count="2" type="cond" truecount="2" falsecount="0"/>
        <line num="31" count="2" type="stmt"/>
        <line num="32" count="2" type="cond" truecount="1" falsecount="1"/>
        <line num="34" count="2" type="stmt"/>
        <line num="35" count="2" type="stmt"/>
        <line num="36" count="2" type="stmt"/>
        <line num="38" count="2" type="stmt"/>
        <line num="41" count="2" type="stmt"/>
        <line num="42" count="1" type="stmt"/>
        <line num="50" count="2" type="stmt"/>
        <line num="51" count="5" type="cond" truecount="2" falsecount="0"/>
        <line num="52" count="3" type="cond" truecount="2" falsecount="0"/>
        <line num="53" count="3" type="stmt"/>
        <line num="54" count="3" type="cond" truecount="1" falsecount="1"/>
        <line num="56" count="3" type="stmt"/>
        <line num="57" count="3" type="stmt"/>
        <line num="58" count="3" type="stmt"/>
        <line num="59" count="3" type="stmt"/>
        <line num="60" count="3" type="stmt"/>
        <line num="61" count="3" type="stmt"/>
        <line num="63" count="3" type="stmt"/>
        <line num="66" count="2" type="stmt"/>
        <line num="67" count="12" type="cond" truecount="2" falsecount="0"/>
        <line num="68" count="8" type="cond" truecount="2" falsecount="0"/>
        <line num="69" count="5" type="cond" truecount="2" falsecount="0"/>
        <line num="70" count="2" type="stmt"/>
      </file>
    </package>
  </project>
</coverage>
