{"C:\\Users\\bivar\\OneDrive\\Documentos\\Projects\\live-crypto-rates\\frontend\\src\\index.tsx": {"path":"C:\\Users\\bivar\\OneDrive\\Documentos\\Projects\\live-crypto-rates\\frontend\\src\\index.tsx","statementMap":{"0":{"start":{"line":6,"column":13},"end":{"line":8,"column":1}},"1":{"start":{"line":9,"column":0},"end":{"line":13,"column":2}}},"fnMap":{},"branchMap":{},"s":{"0":0,"1":0},"f":{},"b":{}}
,"C:\\Users\\bivar\\OneDrive\\Documentos\\Projects\\live-crypto-rates\\frontend\\src\\App\\App.tsx": {"path":"C:\\Users\\bivar\\OneDrive\\Documentos\\Projects\\live-crypto-rates\\frontend\\src\\App\\App.tsx","statementMap":{"0":{"start":{"line":6,"column":2},"end":{"line":10,"column":4}}},"fnMap":{"0":{"name":"App","decl":{"start":{"line":5,"column":9},"end":{"line":5,"column":12}},"loc":{"start":{"line":5,"column":15},"end":{"line":11,"column":1}},"line":5}},"branchMap":{},"s":{"0":2},"f":{"0":2},"b":{},"_coverageSchema":"1a1c01bbd47fc00a2c39e90264f33305004495a9","hash":"9384e13cf4b91dbd0beea8ddae49bee2be0b18a1"}
,"C:\\Users\\bivar\\OneDrive\\Documentos\\Projects\\live-crypto-rates\\frontend\\src\\components\\Dashboard\\Dashboard.tsx": {"path":"C:\\Users\\bivar\\OneDrive\\Documentos\\Projects\\live-crypto-rates\\frontend\\src\\components\\Dashboard\\Dashboard.tsx","statementMap":{"0":{"start":{"line":8,"column":28},"end":{"line":65,"column":1}},"1":{"start":{"line":10,"column":4},"end":{"line":10,"column":21}},"2":{"start":{"line":12,"column":18},"end":{"line":12,"column":48}},"3":{"start":{"line":13,"column":20},"end":{"line":13,"column":44}},"4":{"start":{"line":15,"column":2},"end":{"line":64,"column":4}},"5":{"start":{"line":38,"column":24},"end":{"line":38,"column":38}},"6":{"start":{"line":39,"column":26},"end":{"line":39,"column":48}},"7":{"start":{"line":40,"column":30},"end":{"line":40,"column":48}},"8":{"start":{"line":42,"column":12},"end":{"line":44,"column":31}},"9":{"start":{"line":46,"column":10},"end":{"line":48,"column":11}},"10":{"start":{"line":47,"column":12},"end":{"line":47,"column":54}},"11":{"start":{"line":50,"column":10},"end":{"line":60,"column":12}}},"fnMap":{"0":{"name":"(anonymous_0)","decl":{"start":{"line":8,"column":28},"end":{"line":8,"column":29}},"loc":{"start":{"line":8,"column":34},"end":{"line":65,"column":1}},"line":8},"1":{"name":"(anonymous_1)","decl":{"start":{"line":37,"column":28},"end":{"line":37,"column":29}},"loc":{"start":{"line":37,"column":40},"end":{"line":61,"column":9}},"line":37}},"branchMap":{"0":{"loc":{"start":{"line":13,"column":20},"end":{"line":13,"column":44}},"type":"binary-expr","locations":[{"start":{"line":13,"column":20},"end":{"line":13,"column":32}},{"start":{"line":13,"column":36},"end":{"line":13,"column":44}}],"line":13},"1":{"loc":{"start":{"line":21,"column":12},"end":{"line":21,"column":54}},"type":"cond-expr","locations":[{"start":{"line":21,"column":26},"end":{"line":21,"column":37}},{"start":{"line":21,"column":40},"end":{"line":21,"column":54}}],"line":21},"2":{"loc":{"start":{"line":25,"column":11},"end":{"line":25,"column":53}},"type":"cond-expr","locations":[{"start":{"line":25,"column":25},"end":{"line":25,"column":36}},{"start":{"line":25,"column":39},"end":{"line":25,"column":53}}],"line":25},"3":{"loc":{"start":{"line":29,"column":7},"end":{"line":34,"column":7}},"type":"binary-expr","locations":[{"start":{"line":29,"column":7},"end":{"line":29,"column":19}},{"start":{"line":30,"column":8},"end":{"line":33,"column":14}}],"line":29},"4":{"loc":{"start":{"line":42,"column":12},"end":{"line":44,"column":31}},"type":"binary-expr","locations":[{"start":{"line":42,"column":12},"end":{"line":42,"column":38}},{"start":{"line":43,"column":12},"end":{"line":43,"column":33}},{"start":{"line":44,"column":12},"end":{"line":44,"column":31}}],"line":42},"5":{"loc":{"start":{"line":46,"column":10},"end":{"line":48,"column":11}},"type":"if","locations":[{"start":{"line":46,"column":10},"end":{"line":48,"column":11}},{"start":{},"end":{}}],"line":46},"6":{"loc":{"start":{"line":46,"column":14},"end":{"line":46,"column":40}},"type":"binary-expr","locations":[{"start":{"line":46,"column":14},"end":{"line":46,"column":23}},{"start":{"line":46,"column":27},"end":{"line":46,"column":40}}],"line":46}},"s":{"0":1,"1":10,"2":10,"3":10,"4":10,"5":30,"6":30,"7":30,"8":30,"9":30,"10":17,"11":13},"f":{"0":10,"1":30},"b":{"0":[10,6],"1":[6,4],"2":[6,4],"3":[10,4],"4":[30,13,13],"5":[17,13],"6":[30,15]},"_coverageSchema":"1a1c01bbd47fc00a2c39e90264f33305004495a9","hash":"3b7d70e74ece2fc2f77f3ad79a7bd09f670a0824"}
,"C:\\Users\\bivar\\OneDrive\\Documentos\\Projects\\live-crypto-rates\\frontend\\src\\components\\PriceCard\\PriceCard.tsx": {"path":"C:\\Users\\bivar\\OneDrive\\Documentos\\Projects\\live-crypto-rates\\frontend\\src\\components\\PriceCard\\PriceCard.tsx","statementMap":{"0":{"start":{"line":12,"column":44},"end":{"line":45,"column":1}},"1":{"start":{"line":20,"column":21},"end":{"line":20,"column":48}},"2":{"start":{"line":21,"column":21},"end":{"line":21,"column":44}},"3":{"start":{"line":23,"column":2},"end":{"line":44,"column":4}}},"fnMap":{"0":{"name":"(anonymous_0)","decl":{"start":{"line":12,"column":44},"end":{"line":12,"column":45}},"loc":{"start":{"line":19,"column":6},"end":{"line":45,"column":1}},"line":19}},"branchMap":{"0":{"loc":{"start":{"line":33,"column":9},"end":{"line":35,"column":9}},"type":"binary-expr","locations":[{"start":{"line":33,"column":9},"end":{"line":33,"column":21}},{"start":{"line":33,"column":25},"end":{"line":33,"column":48}},{"start":{"line":34,"column":10},"end":{"line":34,"column":44}}],"line":33}},"s":{"0":1,"1":10,"2":10,"3":10},"f":{"0":10},"b":{"0":[10,6,3]},"_coverageSchema":"1a1c01bbd47fc00a2c39e90264f33305004495a9","hash":"a466694f6eb264100601291c2346b1ea84441aff"}
,"C:\\Users\\bivar\\OneDrive\\Documentos\\Projects\\live-crypto-rates\\frontend\\src\\components\\PriceCard\\CardFooter\\CardFooter.tsx": {"path":"C:\\Users\\bivar\\OneDrive\\Documentos\\Projects\\live-crypto-rates\\frontend\\src\\components\\PriceCard\\CardFooter\\CardFooter.tsx","statementMap":{"0":{"start":{"line":11,"column":46},"end":{"line":34,"column":1}},"1":{"start":{"line":16,"column":25},"end":{"line":16,"column":70}},"2":{"start":{"line":17,"column":22},"end":{"line":19,"column":10}},"3":{"start":{"line":21,"column":2},"end":{"line":33,"column":4}}},"fnMap":{"0":{"name":"(anonymous_0)","decl":{"start":{"line":11,"column":46},"end":{"line":11,"column":47}},"loc":{"start":{"line":15,"column":6},"end":{"line":34,"column":1}},"line":15}},"branchMap":{"0":{"loc":{"start":{"line":16,"column":25},"end":{"line":16,"column":70}},"type":"cond-expr","locations":[{"start":{"line":16,"column":34},"end":{"line":16,"column":63}},{"start":{"line":16,"column":66},"end":{"line":16,"column":70}}],"line":16},"1":{"loc":{"start":{"line":17,"column":22},"end":{"line":19,"column":10}},"type":"cond-expr","locations":[{"start":{"line":18,"column":6},"end":{"line":18,"column":62}},{"start":{"line":19,"column":6},"end":{"line":19,"column":10}}],"line":17},"2":{"loc":{"start":{"line":17,"column":22},"end":{"line":17,"column":67}},"type":"binary-expr","locations":[{"start":{"line":17,"column":22},"end":{"line":17,"column":49}},{"start":{"line":17,"column":53},"end":{"line":17,"column":67}}],"line":17},"3":{"loc":{"start":{"line":27,"column":7},"end":{"line":31,"column":7}},"type":"binary-expr","locations":[{"start":{"line":27,"column":7},"end":{"line":27,"column":18}},{"start":{"line":28,"column":8},"end":{"line":30,"column":14}}],"line":27}},"s":{"0":1,"1":12,"2":12,"3":12},"f":{"0":12},"b":{"0":[3,9],"1":[2,10],"2":[12,3],"3":[12,2]},"_coverageSchema":"1a1c01bbd47fc00a2c39e90264f33305004495a9","hash":"3ec7edb63382711597fb1ac2cb59c6a08d9651e9"}
,"C:\\Users\\bivar\\OneDrive\\Documentos\\Projects\\live-crypto-rates\\frontend\\src\\components\\PriceCard\\CardHeader\\CardHeader.tsx": {"path":"C:\\Users\\bivar\\OneDrive\\Documentos\\Projects\\live-crypto-rates\\frontend\\src\\components\\PriceCard\\CardHeader\\CardHeader.tsx","statementMap":{"0":{"start":{"line":8,"column":46},"end":{"line":14,"column":1}},"1":{"start":{"line":9,"column":2},"end":{"line":13,"column":4}}},"fnMap":{"0":{"name":"(anonymous_0)","decl":{"start":{"line":8,"column":46},"end":{"line":8,"column":47}},"loc":{"start":{"line":8,"column":62},"end":{"line":14,"column":1}},"line":8}},"branchMap":{},"s":{"0":1,"1":6},"f":{"0":6},"b":{},"_coverageSchema":"1a1c01bbd47fc00a2c39e90264f33305004495a9","hash":"61c3e0df14b373f1be56f856309c0fabd69e2619"}
,"C:\\Users\\bivar\\OneDrive\\Documentos\\Projects\\live-crypto-rates\\frontend\\src\\components\\PriceCard\\HourlyAverage\\HourlyAverage.tsx": {"path":"C:\\Users\\bivar\\OneDrive\\Documentos\\Projects\\live-crypto-rates\\frontend\\src\\components\\PriceCard\\HourlyAverage\\HourlyAverage.tsx","statementMap":{"0":{"start":{"line":10,"column":52},"end":{"line":22,"column":1}},"1":{"start":{"line":11,"column":2},"end":{"line":21,"column":4}}},"fnMap":{"0":{"name":"(anonymous_0)","decl":{"start":{"line":10,"column":52},"end":{"line":10,"column":53}},"loc":{"start":{"line":10,"column":76},"end":{"line":22,"column":1}},"line":10}},"branchMap":{"0":{"loc":{"start":{"line":15,"column":7},"end":{"line":19,"column":7}},"type":"binary-expr","locations":[{"start":{"line":15,"column":7},"end":{"line":15,"column":26}},{"start":{"line":16,"column":8},"end":{"line":18,"column":14}}],"line":15}},"s":{"0":1,"1":8},"f":{"0":8},"b":{"0":[8,7]},"_coverageSchema":"1a1c01bbd47fc00a2c39e90264f33305004495a9","hash":"0245ab2e0b466ae464d8a509aa8f9f157492daa7"}
,"C:\\Users\\bivar\\OneDrive\\Documentos\\Projects\\live-crypto-rates\\frontend\\src\\components\\PriceCard\\PriceCardSkeleton\\PriceCardSkeleton.tsx": {"path":"C:\\Users\\bivar\\OneDrive\\Documentos\\Projects\\live-crypto-rates\\frontend\\src\\components\\PriceCard\\PriceCardSkeleton\\PriceCardSkeleton.tsx","statementMap":{"0":{"start":{"line":4,"column":36},"end":{"line":44,"column":1}},"1":{"start":{"line":5,"column":2},"end":{"line":43,"column":4}},"2":{"start":{"line":26,"column":14},"end":{"line":33,"column":21}}},"fnMap":{"0":{"name":"(anonymous_0)","decl":{"start":{"line":4,"column":36},"end":{"line":4,"column":37}},"loc":{"start":{"line":4,"column":42},"end":{"line":44,"column":1}},"line":4},"1":{"name":"(anonymous_1)","decl":{"start":{"line":25,"column":44},"end":{"line":25,"column":45}},"loc":{"start":{"line":26,"column":14},"end":{"line":33,"column":21}},"line":26}},"branchMap":{},"s":{"0":2,"1":34,"2":340},"f":{"0":34,"1":340},"b":{},"_coverageSchema":"1a1c01bbd47fc00a2c39e90264f33305004495a9","hash":"a50e921c743be4a36588ac5358c032097c1f5ad7"}
,"C:\\Users\\bivar\\OneDrive\\Documentos\\Projects\\live-crypto-rates\\frontend\\src\\components\\PriceCard\\PriceChart\\PriceChart.tsx": {"path":"C:\\Users\\bivar\\OneDrive\\Documentos\\Projects\\live-crypto-rates\\frontend\\src\\components\\PriceCard\\PriceChart\\PriceChart.tsx","statementMap":{"0":{"start":{"line":15,"column":46},"end":{"line":97,"column":1}},"1":{"start":{"line":16,"column":20},"end":{"line":35,"column":12}},"2":{"start":{"line":17,"column":4},"end":{"line":17,"column":46}},"3":{"start":{"line":17,"column":36},"end":{"line":17,"column":46}},"4":{"start":{"line":19,"column":16},"end":{"line":19,"column":26}},"5":{"start":{"line":20,"column":23},"end":{"line":20,"column":43}},"6":{"start":{"line":22,"column":23},"end":{"line":32,"column":38}},"7":{"start":{"line":24,"column":19},"end":{"line":24,"column":91}},"8":{"start":{"line":25,"column":8},"end":{"line":29,"column":10}},"9":{"start":{"line":31,"column":25},"end":{"line":31,"column":54}},"10":{"start":{"line":32,"column":22},"end":{"line":32,"column":37}},"11":{"start":{"line":34,"column":4},"end":{"line":34,"column":22}},"12":{"start":{"line":37,"column":20},"end":{"line":42,"column":17}},"13":{"start":{"line":38,"column":4},"end":{"line":38,"column":42}},"14":{"start":{"line":38,"column":30},"end":{"line":38,"column":42}},"15":{"start":{"line":39,"column":23},"end":{"line":39,"column":41}},"16":{"start":{"line":40,"column":22},"end":{"line":40,"column":59}},"17":{"start":{"line":41,"column":4},"end":{"line":41,"column":34}},"18":{"start":{"line":44,"column":2},"end":{"line":46,"column":3}},"19":{"start":{"line":45,"column":4},"end":{"line":45,"column":16}},"20":{"start":{"line":48,"column":21},"end":{"line":54,"column":3}},"21":{"start":{"line":49,"column":17},"end":{"line":49,"column":36}},"22":{"start":{"line":50,"column":4},"end":{"line":53,"column":7}},"23":{"start":{"line":56,"column":24},"end":{"line":67,"column":3}},"24":{"start":{"line":57,"column":4},"end":{"line":65,"column":5}},"25":{"start":{"line":58,"column":20},"end":{"line":58,"column":46}},"26":{"start":{"line":59,"column":6},"end":{"line":64,"column":8}},"27":{"start":{"line":66,"column":4},"end":{"line":66,"column":16}},"28":{"start":{"line":69,"column":2},"end":{"line":96,"column":4}}},"fnMap":{"0":{"name":"(anonymous_0)","decl":{"start":{"line":15,"column":46},"end":{"line":15,"column":47}},"loc":{"start":{"line":15,"column":60},"end":{"line":97,"column":1}},"line":15},"1":{"name":"(anonymous_1)","decl":{"start":{"line":16,"column":28},"end":{"line":16,"column":29}},"loc":{"start":{"line":16,"column":34},"end":{"line":35,"column":3}},"line":16},"2":{"name":"(anonymous_2)","decl":{"start":{"line":23,"column":11},"end":{"line":23,"column":12}},"loc":{"start":{"line":23,"column":22},"end":{"line":30,"column":7}},"line":23},"3":{"name":"(anonymous_3)","decl":{"start":{"line":31,"column":14},"end":{"line":31,"column":15}},"loc":{"start":{"line":31,"column":25},"end":{"line":31,"column":54}},"line":31},"4":{"name":"(anonymous_4)","decl":{"start":{"line":32,"column":12},"end":{"line":32,"column":13}},"loc":{"start":{"line":32,"column":22},"end":{"line":32,"column":37}},"line":32},"5":{"name":"(anonymous_5)","decl":{"start":{"line":37,"column":28},"end":{"line":37,"column":29}},"loc":{"start":{"line":37,"column":34},"end":{"line":42,"column":3}},"line":37},"6":{"name":"(anonymous_6)","decl":{"start":{"line":48,"column":21},"end":{"line":48,"column":22}},"loc":{"start":{"line":48,"column":44},"end":{"line":54,"column":3}},"line":48},"7":{"name":"(anonymous_7)","decl":{"start":{"line":56,"column":24},"end":{"line":56,"column":25}},"loc":{"start":{"line":56,"column":54},"end":{"line":67,"column":3}},"line":56}},"branchMap":{"0":{"loc":{"start":{"line":17,"column":4},"end":{"line":17,"column":46}},"type":"if","locations":[{"start":{"line":17,"column":4},"end":{"line":17,"column":46}},{"start":{},"end":{}}],"line":17},"1":{"loc":{"start":{"line":17,"column":8},"end":{"line":17,"column":34}},"type":"binary-expr","locations":[{"start":{"line":17,"column":8},"end":{"line":17,"column":13}},{"start":{"line":17,"column":17},"end":{"line":17,"column":34}}],"line":17},"2":{"loc":{"start":{"line":24,"column":19},"end":{"line":24,"column":91}},"type":"cond-expr","locations":[{"start":{"line":24,"column":51},"end":{"line":24,"column":73}},{"start":{"line":24,"column":76},"end":{"line":24,"column":91}}],"line":24},"3":{"loc":{"start":{"line":38,"column":4},"end":{"line":38,"column":42}},"type":"if","locations":[{"start":{"line":38,"column":4},"end":{"line":38,"column":42}},{"start":{},"end":{}}],"line":38},"4":{"loc":{"start":{"line":44,"column":2},"end":{"line":46,"column":3}},"type":"if","locations":[{"start":{"line":44,"column":2},"end":{"line":46,"column":3}},{"start":{},"end":{}}],"line":44},"5":{"loc":{"start":{"line":57,"column":4},"end":{"line":65,"column":5}},"type":"if","locations":[{"start":{"line":57,"column":4},"end":{"line":65,"column":5}},{"start":{},"end":{}}],"line":57},"6":{"loc":{"start":{"line":57,"column":8},"end":{"line":57,"column":43}},"type":"binary-expr","locations":[{"start":{"line":57,"column":8},"end":{"line":57,"column":14}},{"start":{"line":57,"column":18},"end":{"line":57,"column":25}},{"start":{"line":57,"column":29},"end":{"line":57,"column":43}}],"line":57},"7":{"loc":{"start":{"line":88,"column":20},"end":{"line":88,"column":53}},"type":"cond-expr","locations":[{"start":{"line":88,"column":32},"end":{"line":88,"column":41}},{"start":{"line":88,"column":44},"end":{"line":88,"column":53}}],"line":88}},"s":{"0":1,"1":26,"2":26,"3":2,"4":24,"5":24,"6":24,"7":58,"8":58,"9":58,"10":34,"11":24,"12":26,"13":26,"14":4,"15":22,"16":22,"17":22,"18":26,"19":2,"20":24,"21":0,"22":0,"23":24,"24":0,"25":0,"26":0,"27":0,"28":24},"f":{"0":26,"1":26,"2":58,"3":58,"4":34,"5":26,"6":0,"7":0},"b":{"0":[2,24],"1":[26,25],"2":[4,54],"3":[4,22],"4":[2,24],"5":[0,0],"6":[0,0,0],"7":[16,8]},"_coverageSchema":"1a1c01bbd47fc00a2c39e90264f33305004495a9","hash":"b6b5d388a8044a7ac12970c40e913d73dc1ddc63"}
,"C:\\Users\\bivar\\OneDrive\\Documentos\\Projects\\live-crypto-rates\\frontend\\src\\components\\PriceCard\\PriceDisplay\\PriceDisplay.tsx": {"path":"C:\\Users\\bivar\\OneDrive\\Documentos\\Projects\\live-crypto-rates\\frontend\\src\\components\\PriceCard\\PriceDisplay\\PriceDisplay.tsx","statementMap":{"0":{"start":{"line":11,"column":50},"end":{"line":28,"column":1}},"1":{"start":{"line":12,"column":2},"end":{"line":27,"column":4}}},"fnMap":{"0":{"name":"(anonymous_0)","decl":{"start":{"line":11,"column":50},"end":{"line":11,"column":51}},"loc":{"start":{"line":11,"column":72},"end":{"line":28,"column":1}},"line":11}},"branchMap":{"0":{"loc":{"start":{"line":17,"column":10},"end":{"line":21,"column":16}},"type":"cond-expr","locations":[{"start":{"line":18,"column":14},"end":{"line":18,"column":24}},{"start":{"line":19,"column":14},"end":{"line":21,"column":16}}],"line":17},"1":{"loc":{"start":{"line":19,"column":14},"end":{"line":21,"column":16}},"type":"cond-expr","locations":[{"start":{"line":20,"column":14},"end":{"line":20,"column":26}},{"start":{"line":21,"column":14},"end":{"line":21,"column":16}}],"line":19}},"s":{"0":1,"1":7},"f":{"0":7},"b":{"0":[1,6],"1":[1,5]},"_coverageSchema":"1a1c01bbd47fc00a2c39e90264f33305004495a9","hash":"c89781983ee7cb364d402ad08230517e4ee44d26"}
,"C:\\Users\\bivar\\OneDrive\\Documentos\\Projects\\live-crypto-rates\\frontend\\src\\components\\PriceCard\\hooks\\usePriceTrend.ts": {"path":"C:\\Users\\bivar\\OneDrive\\Documentos\\Projects\\live-crypto-rates\\frontend\\src\\components\\PriceCard\\hooks\\usePriceTrend.ts","statementMap":{"0":{"start":{"line":10,"column":29},"end":{"line":33,"column":1}},"1":{"start":{"line":13,"column":2},"end":{"line":32,"column":21}},"2":{"start":{"line":14,"column":4},"end":{"line":14,"column":62}},"3":{"start":{"line":14,"column":50},"end":{"line":14,"column":62}},"4":{"start":{"line":16,"column":26},"end":{"line":24,"column":48}},"5":{"start":{"line":17,"column":23},"end":{"line":23,"column":7}},"6":{"start":{"line":24,"column":22},"end":{"line":24,"column":47}},"7":{"start":{"line":26,"column":23},"end":{"line":26,"column":45}},"8":{"start":{"line":27,"column":22},"end":{"line":27,"column":67}},"9":{"start":{"line":29,"column":4},"end":{"line":29,"column":44}},"10":{"start":{"line":29,"column":32},"end":{"line":29,"column":44}},"11":{"start":{"line":30,"column":4},"end":{"line":30,"column":46}},"12":{"start":{"line":30,"column":32},"end":{"line":30,"column":46}},"13":{"start":{"line":31,"column":4},"end":{"line":31,"column":16}}},"fnMap":{"0":{"name":"(anonymous_0)","decl":{"start":{"line":10,"column":29},"end":{"line":10,"column":30}},"loc":{"start":{"line":12,"column":17},"end":{"line":33,"column":1}},"line":12},"1":{"name":"(anonymous_1)","decl":{"start":{"line":13,"column":17},"end":{"line":13,"column":18}},"loc":{"start":{"line":13,"column":23},"end":{"line":32,"column":3}},"line":13},"2":{"name":"(anonymous_2)","decl":{"start":{"line":17,"column":11},"end":{"line":17,"column":12}},"loc":{"start":{"line":17,"column":23},"end":{"line":23,"column":7}},"line":17},"3":{"name":"(anonymous_3)","decl":{"start":{"line":24,"column":12},"end":{"line":24,"column":13}},"loc":{"start":{"line":24,"column":22},"end":{"line":24,"column":47}},"line":24}},"branchMap":{"0":{"loc":{"start":{"line":14,"column":4},"end":{"line":14,"column":62}},"type":"if","locations":[{"start":{"line":14,"column":4},"end":{"line":14,"column":62}},{"start":{},"end":{}}],"line":14},"1":{"loc":{"start":{"line":14,"column":8},"end":{"line":14,"column":48}},"type":"binary-expr","locations":[{"start":{"line":14,"column":8},"end":{"line":14,"column":21}},{"start":{"line":14,"column":25},"end":{"line":14,"column":48}}],"line":14},"2":{"loc":{"start":{"line":19,"column":10},"end":{"line":21,"column":29}},"type":"cond-expr","locations":[{"start":{"line":20,"column":14},"end":{"line":20,"column":36}},{"start":{"line":21,"column":14},"end":{"line":21,"column":29}}],"line":19},"3":{"loc":{"start":{"line":29,"column":4},"end":{"line":29,"column":44}},"type":"if","locations":[{"start":{"line":29,"column":4},"end":{"line":29,"column":44}},{"start":{},"end":{}}],"line":29},"4":{"loc":{"start":{"line":30,"column":4},"end":{"line":30,"column":46}},"type":"if","locations":[{"start":{"line":30,"column":4},"end":{"line":30,"column":46}},{"start":{},"end":{}}],"line":30}},"s":{"0":2,"1":10,"2":10,"3":3,"4":7,"5":16,"6":9,"7":7,"8":7,"9":7,"10":4,"11":3,"12":2,"13":1},"f":{"0":10,"1":10,"2":16,"3":9},"b":{"0":[3,7],"1":[10,9],"2":[2,14],"3":[4,3],"4":[2,1]},"_coverageSchema":"1a1c01bbd47fc00a2c39e90264f33305004495a9","hash":"fb3bc23266bff050bd481cadf9d54731bf1a9ef7"}
,"C:\\Users\\bivar\\OneDrive\\Documentos\\Projects\\live-crypto-rates\\frontend\\src\\components\\PriceCard\\hooks\\useTimestamp.ts": {"path":"C:\\Users\\bivar\\OneDrive\\Documentos\\Projects\\live-crypto-rates\\frontend\\src\\components\\PriceCard\\hooks\\useTimestamp.ts","statementMap":{"0":{"start":{"line":4,"column":28},"end":{"line":9,"column":1}},"1":{"start":{"line":5,"column":2},"end":{"line":8,"column":18}},"2":{"start":{"line":6,"column":4},"end":{"line":6,"column":33}},"3":{"start":{"line":6,"column":20},"end":{"line":6,"column":33}},"4":{"start":{"line":7,"column":4},"end":{"line":7,"column":40}}},"fnMap":{"0":{"name":"(anonymous_0)","decl":{"start":{"line":4,"column":28},"end":{"line":4,"column":29}},"loc":{"start":{"line":4,"column":60},"end":{"line":9,"column":1}},"line":4},"1":{"name":"(anonymous_1)","decl":{"start":{"line":5,"column":17},"end":{"line":5,"column":18}},"loc":{"start":{"line":5,"column":23},"end":{"line":8,"column":3}},"line":5}},"branchMap":{"0":{"loc":{"start":{"line":6,"column":4},"end":{"line":6,"column":33}},"type":"if","locations":[{"start":{"line":6,"column":4},"end":{"line":6,"column":33}},{"start":{},"end":{}}],"line":6}},"s":{"0":2,"1":8,"2":7,"3":1,"4":6},"f":{"0":8,"1":7},"b":{"0":[1,6]},"_coverageSchema":"1a1c01bbd47fc00a2c39e90264f33305004495a9","hash":"ccd47d3dfbfc857015623f9079c40dec38f2f792"}
,"C:\\Users\\bivar\\OneDrive\\Documentos\\Projects\\live-crypto-rates\\frontend\\src\\constants\\crypto.ts": {"path":"C:\\Users\\bivar\\OneDrive\\Documentos\\Projects\\live-crypto-rates\\frontend\\src\\constants\\crypto.ts","statementMap":{"0":{"start":{"line":1,"column":50},"end":{"line":5,"column":1}},"1":{"start":{"line":7,"column":30},"end":{"line":7,"column":53}}},"fnMap":{},"branchMap":{},"s":{"0":1,"1":1},"f":{},"b":{},"_coverageSchema":"1a1c01bbd47fc00a2c39e90264f33305004495a9","hash":"44ab32e3f7c974aa82c584d6d9d03bc8895ae30a"}
,"C:\\Users\\bivar\\OneDrive\\Documentos\\Projects\\live-crypto-rates\\frontend\\src\\hooks\\useCryptoPrices.ts": {"path":"C:\\Users\\bivar\\OneDrive\\Documentos\\Projects\\live-crypto-rates\\frontend\\src\\hooks\\useCryptoPrices.ts","statementMap":{"0":{"start":{"line":21,"column":31},"end":{"line":143,"column":1}},"1":{"start":{"line":22,"column":30},"end":{"line":22,"column":73}},"2":{"start":{"line":23,"column":46},"end":{"line":25,"column":7}},"3":{"start":{"line":26,"column":42},"end":{"line":28,"column":7}},"4":{"start":{"line":29,"column":40},"end":{"line":29,"column":55}},"5":{"start":{"line":31,"column":2},"end":{"line":135,"column":9}},"6":{"start":{"line":32,"column":4},"end":{"line":32,"column":31}},"7":{"start":{"line":34,"column":26},"end":{"line":34,"column":52}},"8":{"start":{"line":34,"column":32},"end":{"line":34,"column":52}},"9":{"start":{"line":35,"column":29},"end":{"line":35,"column":56}},"10":{"start":{"line":35,"column":35},"end":{"line":35,"column":56}},"11":{"start":{"line":37,"column":31},"end":{"line":50,"column":5}},"12":{"start":{"line":38,"column":6},"end":{"line":38,"column":30}},"13":{"start":{"line":40,"column":6},"end":{"line":49,"column":9}},"14":{"start":{"line":41,"column":27},"end":{"line":41,"column":38}},"15":{"start":{"line":42,"column":8},"end":{"line":47,"column":11}},"16":{"start":{"line":43,"column":28},"end":{"line":45,"column":32}},"17":{"start":{"line":46,"column":10},"end":{"line":46,"column":70}},"18":{"start":{"line":48,"column":8},"end":{"line":48,"column":26}},"19":{"start":{"line":52,"column":30},"end":{"line":79,"column":5}},"20":{"start":{"line":53,"column":24},"end":{"line":53,"column":99}},"21":{"start":{"line":55,"column":6},"end":{"line":62,"column":10}},"22":{"start":{"line":55,"column":27},"end":{"line":62,"column":7}},"23":{"start":{"line":64,"column":6},"end":{"line":78,"column":9}},"24":{"start":{"line":65,"column":24},"end":{"line":65,"column":49}},"25":{"start":{"line":66,"column":20},"end":{"line":66,"column":30}},"26":{"start":{"line":67,"column":27},"end":{"line":67,"column":47}},"27":{"start":{"line":69,"column":32},"end":{"line":72,"column":10}},"28":{"start":{"line":70,"column":26},"end":{"line":70,"column":98}},"29":{"start":{"line":71,"column":10},"end":{"line":71,"column":39}},"30":{"start":{"line":74,"column":8},"end":{"line":77,"column":10}},"31":{"start":{"line":81,"column":33},"end":{"line":85,"column":5}},"32":{"start":{"line":84,"column":6},"end":{"line":84,"column":34}},"33":{"start":{"line":87,"column":38},"end":{"line":92,"column":5}},"34":{"start":{"line":88,"column":6},"end":{"line":91,"column":10}},"35":{"start":{"line":88,"column":35},"end":{"line":91,"column":7}},"36":{"start":{"line":94,"column":4},"end":{"line":94,"column":56}},"37":{"start":{"line":95,"column":4},"end":{"line":95,"column":54}},"38":{"start":{"line":96,"column":4},"end":{"line":96,"column":60}},"39":{"start":{"line":97,"column":4},"end":{"line":97,"column":70}},"40":{"start":{"line":99,"column":19},"end":{"line":99,"column":51}},"41":{"start":{"line":100,"column":4},"end":{"line":104,"column":5}},"42":{"start":{"line":101,"column":6},"end":{"line":101,"column":42}},"43":{"start":{"line":102,"column":6},"end":{"line":102,"column":48}},"44":{"start":{"line":103,"column":6},"end":{"line":103,"column":39}},"45":{"start":{"line":106,"column":28},"end":{"line":121,"column":13}},"46":{"start":{"line":107,"column":6},"end":{"line":120,"column":9}},"47":{"start":{"line":108,"column":20},"end":{"line":108,"column":30}},"48":{"start":{"line":109,"column":27},"end":{"line":109,"column":47}},"49":{"start":{"line":110,"column":61},"end":{"line":110,"column":63}},"50":{"start":{"line":112,"column":8},"end":{"line":117,"column":11}},"51":{"start":{"line":113,"column":10},"end":{"line":116,"column":13}},"52":{"start":{"line":114,"column":28},"end":{"line":114,"column":100}},"53":{"start":{"line":115,"column":12},"end":{"line":115,"column":41}},"54":{"start":{"line":119,"column":8},"end":{"line":119,"column":23}},"55":{"start":{"line":123,"column":4},"end":{"line":134,"column":6}},"56":{"start":{"line":124,"column":6},"end":{"line":124,"column":37}},"57":{"start":{"line":125,"column":6},"end":{"line":125,"column":63}},"58":{"start":{"line":126,"column":6},"end":{"line":126,"column":61}},"59":{"start":{"line":127,"column":6},"end":{"line":127,"column":67}},"60":{"start":{"line":128,"column":6},"end":{"line":128,"column":77}},"61":{"start":{"line":129,"column":6},"end":{"line":132,"column":7}},"62":{"start":{"line":130,"column":8},"end":{"line":130,"column":45}},"63":{"start":{"line":131,"column":8},"end":{"line":131,"column":51}},"64":{"start":{"line":133,"column":6},"end":{"line":133,"column":36}},"65":{"start":{"line":137,"column":2},"end":{"line":142,"column":4}}},"fnMap":{"0":{"name":"(anonymous_0)","decl":{"start":{"line":21,"column":31},"end":{"line":21,"column":32}},"loc":{"start":{"line":21,"column":60},"end":{"line":143,"column":1}},"line":21},"1":{"name":"(anonymous_1)","decl":{"start":{"line":31,"column":12},"end":{"line":31,"column":13}},"loc":{"start":{"line":31,"column":18},"end":{"line":135,"column":3}},"line":31},"2":{"name":"(anonymous_2)","decl":{"start":{"line":34,"column":26},"end":{"line":34,"column":27}},"loc":{"start":{"line":34,"column":32},"end":{"line":34,"column":52}},"line":34},"3":{"name":"(anonymous_3)","decl":{"start":{"line":35,"column":29},"end":{"line":35,"column":30}},"loc":{"start":{"line":35,"column":35},"end":{"line":35,"column":56}},"line":35},"4":{"name":"(anonymous_4)","decl":{"start":{"line":37,"column":31},"end":{"line":37,"column":32}},"loc":{"start":{"line":37,"column":80},"end":{"line":50,"column":5}},"line":37},"5":{"name":"(anonymous_5)","decl":{"start":{"line":40,"column":22},"end":{"line":40,"column":23}},"loc":{"start":{"line":40,"column":32},"end":{"line":49,"column":7}},"line":40},"6":{"name":"(anonymous_6)","decl":{"start":{"line":42,"column":45},"end":{"line":42,"column":46}},"loc":{"start":{"line":42,"column":69},"end":{"line":47,"column":9}},"line":42},"7":{"name":"(anonymous_7)","decl":{"start":{"line":52,"column":30},"end":{"line":52,"column":31}},"loc":{"start":{"line":52,"column":55},"end":{"line":79,"column":5}},"line":52},"8":{"name":"(anonymous_8)","decl":{"start":{"line":55,"column":16},"end":{"line":55,"column":17}},"loc":{"start":{"line":55,"column":27},"end":{"line":62,"column":7}},"line":55},"9":{"name":"(anonymous_9)","decl":{"start":{"line":64,"column":22},"end":{"line":64,"column":23}},"loc":{"start":{"line":64,"column":32},"end":{"line":78,"column":7}},"line":64},"10":{"name":"(anonymous_10)","decl":{"start":{"line":69,"column":47},"end":{"line":69,"column":48}},"loc":{"start":{"line":69,"column":58},"end":{"line":72,"column":9}},"line":69},"11":{"name":"(anonymous_11)","decl":{"start":{"line":81,"column":33},"end":{"line":81,"column":34}},"loc":{"start":{"line":83,"column":9},"end":{"line":85,"column":5}},"line":83},"12":{"name":"(anonymous_12)","decl":{"start":{"line":87,"column":38},"end":{"line":87,"column":39}},"loc":{"start":{"line":87,"column":66},"end":{"line":92,"column":5}},"line":87},"13":{"name":"(anonymous_13)","decl":{"start":{"line":88,"column":24},"end":{"line":88,"column":25}},"loc":{"start":{"line":88,"column":35},"end":{"line":91,"column":7}},"line":88},"14":{"name":"(anonymous_14)","decl":{"start":{"line":106,"column":40},"end":{"line":106,"column":41}},"loc":{"start":{"line":106,"column":46},"end":{"line":121,"column":5}},"line":106},"15":{"name":"(anonymous_15)","decl":{"start":{"line":107,"column":22},"end":{"line":107,"column":23}},"loc":{"start":{"line":107,"column":32},"end":{"line":120,"column":7}},"line":107},"16":{"name":"(anonymous_16)","decl":{"start":{"line":112,"column":37},"end":{"line":112,"column":38}},"loc":{"start":{"line":112,"column":60},"end":{"line":117,"column":9}},"line":112},"17":{"name":"(anonymous_17)","decl":{"start":{"line":113,"column":43},"end":{"line":113,"column":44}},"loc":{"start":{"line":113,"column":54},"end":{"line":116,"column":11}},"line":113},"18":{"name":"(anonymous_18)","decl":{"start":{"line":123,"column":11},"end":{"line":123,"column":12}},"loc":{"start":{"line":123,"column":17},"end":{"line":134,"column":5}},"line":123}},"branchMap":{"0":{"loc":{"start":{"line":43,"column":28},"end":{"line":45,"column":32}},"type":"cond-expr","locations":[{"start":{"line":44,"column":14},"end":{"line":44,"column":39}},{"start":{"line":45,"column":14},"end":{"line":45,"column":32}}],"line":43},"1":{"loc":{"start":{"line":53,"column":24},"end":{"line":53,"column":99}},"type":"cond-expr","locations":[{"start":{"line":53,"column":57},"end":{"line":53,"column":80}},{"start":{"line":53,"column":83},"end":{"line":53,"column":99}}],"line":53},"2":{"loc":{"start":{"line":65,"column":24},"end":{"line":65,"column":49}},"type":"binary-expr","locations":[{"start":{"line":65,"column":24},"end":{"line":65,"column":43}},{"start":{"line":65,"column":47},"end":{"line":65,"column":49}}],"line":65},"3":{"loc":{"start":{"line":70,"column":26},"end":{"line":70,"column":98}},"type":"cond-expr","locations":[{"start":{"line":70,"column":58},"end":{"line":70,"column":80}},{"start":{"line":70,"column":83},"end":{"line":70,"column":98}}],"line":70},"4":{"loc":{"start":{"line":100,"column":4},"end":{"line":104,"column":5}},"type":"if","locations":[{"start":{"line":100,"column":4},"end":{"line":104,"column":5}},{"start":{},"end":{}}],"line":100},"5":{"loc":{"start":{"line":114,"column":28},"end":{"line":114,"column":100}},"type":"cond-expr","locations":[{"start":{"line":114,"column":60},"end":{"line":114,"column":82}},{"start":{"line":114,"column":85},"end":{"line":114,"column":100}}],"line":114},"6":{"loc":{"start":{"line":129,"column":6},"end":{"line":132,"column":7}},"type":"if","locations":[{"start":{"line":129,"column":6},"end":{"line":132,"column":7}},{"start":{},"end":{}}],"line":129}},"s":{"0":2,"1":27,"2":27,"3":27,"4":27,"5":27,"6":14,"7":14,"8":2,"9":14,"10":1,"11":14,"12":2,"13":2,"14":2,"15":2,"16":2,"17":2,"18":2,"19":14,"20":5,"21":5,"22":5,"23":5,"24":5,"25":5,"26":5,"27":5,"28":2,"29":2,"30":5,"31":14,"32":1,"33":14,"34":1,"35":1,"36":14,"37":14,"38":14,"39":14,"40":14,"41":14,"42":14,"43":14,"44":14,"45":14,"46":1,"47":1,"48":1,"49":1,"50":1,"51":1,"52":1,"53":1,"54":1,"55":14,"56":14,"57":14,"58":14,"59":14,"60":14,"61":14,"62":14,"63":14,"64":14,"65":27},"f":{"0":27,"1":14,"2":2,"3":1,"4":2,"5":2,"6":2,"7":5,"8":5,"9":5,"10":2,"11":1,"12":1,"13":1,"14":1,"15":1,"16":1,"17":1,"18":14},"b":{"0":[1,1],"1":[0,5],"2":[5,3],"3":[0,2],"4":[14,0],"5":[0,1],"6":[14,0]},"_coverageSchema":"1a1c01bbd47fc00a2c39e90264f33305004495a9","hash":"97cd2b98b2a74edaee108ce525ec7a91ce95ec40"}
,"C:\\Users\\bivar\\OneDrive\\Documentos\\Projects\\live-crypto-rates\\frontend\\src\\services\\websocket.service.ts": {"path":"C:\\Users\\bivar\\OneDrive\\Documentos\\Projects\\live-crypto-rates\\frontend\\src\\services\\websocket.service.ts","statementMap":{"0":{"start":{"line":23,"column":34},"end":{"line":23,"column":38}},"1":{"start":{"line":27,"column":19},"end":{"line":27,"column":52}},"2":{"start":{"line":28,"column":4},"end":{"line":37,"column":5}},"3":{"start":{"line":29,"column":6},"end":{"line":29,"column":31}},"4":{"start":{"line":30,"column":11},"end":{"line":37,"column":5}},"5":{"start":{"line":34,"column":6},"end":{"line":34,"column":48}},"6":{"start":{"line":36,"column":6},"end":{"line":36,"column":47}},"7":{"start":{"line":41,"column":4},"end":{"line":43,"column":5}},"8":{"start":{"line":42,"column":6},"end":{"line":42,"column":13}},"9":{"start":{"line":45,"column":4},"end":{"line":50,"column":7}},"10":{"start":{"line":52,"column":4},"end":{"line":55,"column":7}},"11":{"start":{"line":53,"column":6},"end":{"line":53,"column":42}},"12":{"start":{"line":54,"column":6},"end":{"line":54,"column":43}},"13":{"start":{"line":57,"column":4},"end":{"line":59,"column":7}},"14":{"start":{"line":58,"column":6},"end":{"line":58,"column":47}},"15":{"start":{"line":63,"column":4},"end":{"line":66,"column":5}},"16":{"start":{"line":64,"column":6},"end":{"line":64,"column":31}},"17":{"start":{"line":65,"column":6},"end":{"line":65,"column":25}},"18":{"start":{"line":70,"column":4},"end":{"line":70,"column":46}},"19":{"start":{"line":74,"column":4},"end":{"line":74,"column":45}},"20":{"start":{"line":80,"column":4},"end":{"line":80,"column":48}},"21":{"start":{"line":84,"column":4},"end":{"line":84,"column":53}},"22":{"start":{"line":88,"column":4},"end":{"line":92,"column":5}},"23":{"start":{"line":89,"column":6},"end":{"line":89,"column":40}},"24":{"start":{"line":91,"column":6},"end":{"line":91,"column":30}},"25":{"start":{"line":96,"column":4},"end":{"line":96,"column":43}},"26":{"start":{"line":100,"column":32},"end":{"line":100,"column":54}}},"fnMap":{"0":{"name":"(anonymous_0)","decl":{"start":{"line":26,"column":2},"end":{"line":26,"column":3}},"loc":{"start":{"line":26,"column":16},"end":{"line":38,"column":3}},"line":26},"1":{"name":"(anonymous_1)","decl":{"start":{"line":40,"column":2},"end":{"line":40,"column":3}},"loc":{"start":{"line":40,"column":12},"end":{"line":60,"column":3}},"line":40},"2":{"name":"(anonymous_2)","decl":{"start":{"line":52,"column":30},"end":{"line":52,"column":31}},"loc":{"start":{"line":52,"column":36},"end":{"line":55,"column":5}},"line":52},"3":{"name":"(anonymous_3)","decl":{"start":{"line":57,"column":33},"end":{"line":57,"column":34}},"loc":{"start":{"line":57,"column":39},"end":{"line":59,"column":5}},"line":57},"4":{"name":"(anonymous_4)","decl":{"start":{"line":62,"column":2},"end":{"line":62,"column":3}},"loc":{"start":{"line":62,"column":15},"end":{"line":67,"column":3}},"line":62},"5":{"name":"(anonymous_5)","decl":{"start":{"line":69,"column":2},"end":{"line":69,"column":3}},"loc":{"start":{"line":69,"column":76},"end":{"line":71,"column":3}},"line":69},"6":{"name":"(anonymous_6)","decl":{"start":{"line":73,"column":2},"end":{"line":73,"column":3}},"loc":{"start":{"line":73,"column":57},"end":{"line":75,"column":3}},"line":73},"7":{"name":"(anonymous_7)","decl":{"start":{"line":77,"column":2},"end":{"line":77,"column":3}},"loc":{"start":{"line":79,"column":4},"end":{"line":81,"column":3}},"line":79},"8":{"name":"(anonymous_8)","decl":{"start":{"line":83,"column":2},"end":{"line":83,"column":3}},"loc":{"start":{"line":83,"column":68},"end":{"line":85,"column":3}},"line":83},"9":{"name":"(anonymous_9)","decl":{"start":{"line":87,"column":2},"end":{"line":87,"column":3}},"loc":{"start":{"line":87,"column":58},"end":{"line":93,"column":3}},"line":87},"10":{"name":"(anonymous_10)","decl":{"start":{"line":95,"column":2},"end":{"line":95,"column":3}},"loc":{"start":{"line":95,"column":25},"end":{"line":97,"column":3}},"line":95}},"branchMap":{"0":{"loc":{"start":{"line":28,"column":4},"end":{"line":37,"column":5}},"type":"if","locations":[{"start":{"line":28,"column":4},"end":{"line":37,"column":5}},{"start":{"line":30,"column":11},"end":{"line":37,"column":5}}],"line":28},"1":{"loc":{"start":{"line":30,"column":11},"end":{"line":37,"column":5}},"type":"if","locations":[{"start":{"line":30,"column":11},"end":{"line":37,"column":5}},{"start":{"line":35,"column":11},"end":{"line":37,"column":5}}],"line":30},"2":{"loc":{"start":{"line":31,"column":6},"end":{"line":32,"column":46}},"type":"binary-expr","locations":[{"start":{"line":31,"column":6},"end":{"line":31,"column":46}},{"start":{"line":32,"column":6},"end":{"line":32,"column":46}}],"line":31},"3":{"loc":{"start":{"line":41,"column":4},"end":{"line":43,"column":5}},"type":"if","locations":[{"start":{"line":41,"column":4},"end":{"line":43,"column":5}},{"start":{},"end":{}}],"line":41},"4":{"loc":{"start":{"line":63,"column":4},"end":{"line":66,"column":5}},"type":"if","locations":[{"start":{"line":63,"column":4},"end":{"line":66,"column":5}},{"start":{},"end":{}}],"line":63},"5":{"loc":{"start":{"line":88,"column":4},"end":{"line":92,"column":5}},"type":"if","locations":[{"start":{"line":88,"column":4},"end":{"line":92,"column":5}},{"start":{"line":90,"column":11},"end":{"line":92,"column":5}}],"line":88},"6":{"loc":{"start":{"line":96,"column":11},"end":{"line":96,"column":42}},"type":"binary-expr","locations":[{"start":{"line":96,"column":11},"end":{"line":96,"column":33}},{"start":{"line":96,"column":37},"end":{"line":96,"column":42}}],"line":96}},"s":{"0":2,"1":2,"2":2,"3":0,"4":2,"5":2,"6":0,"7":15,"8":1,"9":14,"10":14,"11":1,"12":1,"13":14,"14":0,"15":2,"16":1,"17":1,"18":2,"19":1,"20":1,"21":1,"22":2,"23":1,"24":1,"25":3,"26":2},"f":{"0":2,"1":15,"2":1,"3":0,"4":2,"5":2,"6":1,"7":1,"8":1,"9":2,"10":3},"b":{"0":[0,2],"1":[2,0],"2":[2,0],"3":[1,14],"4":[1,1],"5":[1,1],"6":[3,2]},"_coverageSchema":"1a1c01bbd47fc00a2c39e90264f33305004495a9","hash":"a9a052d6b61c016cc898b58d4d4520ab76ce99eb"}
,"C:\\Users\\bivar\\OneDrive\\Documentos\\Projects\\live-crypto-rates\\frontend\\src\\types\\price.ts": {"path":"C:\\Users\\bivar\\OneDrive\\Documentos\\Projects\\live-crypto-rates\\frontend\\src\\types\\price.ts","statementMap":{},"fnMap":{},"branchMap":{},"s":{},"f":{},"b":{}}
,"C:\\Users\\bivar\\OneDrive\\Documentos\\Projects\\live-crypto-rates\\frontend\\src\\utils\\formatters.ts": {"path":"C:\\Users\\bivar\\OneDrive\\Documentos\\Projects\\live-crypto-rates\\frontend\\src\\utils\\formatters.ts","statementMap":{"0":{"start":{"line":1,"column":27},"end":{"line":13,"column":1}},"1":{"start":{"line":2,"column":2},"end":{"line":2,"column":58}},"2":{"start":{"line":2,"column":45},"end":{"line":2,"column":58}},"3":{"start":{"line":3,"column":2},"end":{"line":5,"column":3}},"4":{"start":{"line":4,"column":4},"end":{"line":4,"column":28}},"5":{"start":{"line":6,"column":2},"end":{"line":8,"column":3}},"6":{"start":{"line":7,"column":4},"end":{"line":7,"column":28}},"7":{"start":{"line":9,"column":2},"end":{"line":12,"column":5}},"8":{"start":{"line":15,"column":26},"end":{"line":26,"column":1}},"9":{"start":{"line":16,"column":2},"end":{"line":16,"column":24}},"10":{"start":{"line":16,"column":11},"end":{"line":16,"column":24}},"11":{"start":{"line":17,"column":20},"end":{"line":17,"column":53}},"12":{"start":{"line":18,"column":15},"end":{"line":18,"column":34}},"13":{"start":{"line":19,"column":2},"end":{"line":19,"column":42}},"14":{"start":{"line":19,"column":29},"end":{"line":19,"column":42}},"15":{"start":{"line":20,"column":2},"end":{"line":25,"column":5}},"16":{"start":{"line":28,"column":30},"end":{"line":39,"column":1}},"17":{"start":{"line":29,"column":2},"end":{"line":29,"column":24}},"18":{"start":{"line":29,"column":11},"end":{"line":29,"column":24}},"19":{"start":{"line":30,"column":20},"end":{"line":30,"column":53}},"20":{"start":{"line":31,"column":15},"end":{"line":31,"column":34}},"21":{"start":{"line":32,"column":2},"end":{"line":32,"column":42}},"22":{"start":{"line":32,"column":29},"end":{"line":32,"column":42}},"23":{"start":{"line":34,"column":16},"end":{"line":34,"column":56}},"24":{"start":{"line":35,"column":18},"end":{"line":35,"column":60}},"25":{"start":{"line":36,"column":18},"end":{"line":36,"column":60}},"26":{"start":{"line":38,"column":2},"end":{"line":38,"column":42}},"27":{"start":{"line":41,"column":30},"end":{"line":48,"column":1}},"28":{"start":{"line":42,"column":2},"end":{"line":47,"column":5}},"29":{"start":{"line":50,"column":33},"end":{"line":64,"column":1}},"30":{"start":{"line":51,"column":2},"end":{"line":51,"column":24}},"31":{"start":{"line":51,"column":11},"end":{"line":51,"column":24}},"32":{"start":{"line":52,"column":20},"end":{"line":52,"column":53}},"33":{"start":{"line":53,"column":15},"end":{"line":53,"column":34}},"34":{"start":{"line":54,"column":2},"end":{"line":54,"column":42}},"35":{"start":{"line":54,"column":29},"end":{"line":54,"column":42}},"36":{"start":{"line":56,"column":15},"end":{"line":56,"column":36}},"37":{"start":{"line":57,"column":16},"end":{"line":57,"column":63}},"38":{"start":{"line":58,"column":14},"end":{"line":58,"column":56}},"39":{"start":{"line":59,"column":16},"end":{"line":59,"column":59}},"40":{"start":{"line":60,"column":18},"end":{"line":60,"column":63}},"41":{"start":{"line":61,"column":18},"end":{"line":61,"column":63}},"42":{"start":{"line":63,"column":2},"end":{"line":63,"column":70}},"43":{"start":{"line":66,"column":37},"end":{"line":71,"column":1}},"44":{"start":{"line":67,"column":2},"end":{"line":67,"column":45}},"45":{"start":{"line":67,"column":31},"end":{"line":67,"column":45}},"46":{"start":{"line":68,"column":2},"end":{"line":68,"column":45}},"47":{"start":{"line":68,"column":31},"end":{"line":68,"column":45}},"48":{"start":{"line":69,"column":2},"end":{"line":69,"column":43}},"49":{"start":{"line":69,"column":30},"end":{"line":69,"column":43}},"50":{"start":{"line":70,"column":2},"end":{"line":70,"column":12}}},"fnMap":{"0":{"name":"(anonymous_0)","decl":{"start":{"line":1,"column":27},"end":{"line":1,"column":28}},"loc":{"start":{"line":1,"column":55},"end":{"line":13,"column":1}},"line":1},"1":{"name":"(anonymous_1)","decl":{"start":{"line":15,"column":26},"end":{"line":15,"column":27}},"loc":{"start":{"line":15,"column":51},"end":{"line":26,"column":1}},"line":15},"2":{"name":"(anonymous_2)","decl":{"start":{"line":28,"column":30},"end":{"line":28,"column":31}},"loc":{"start":{"line":28,"column":55},"end":{"line":39,"column":1}},"line":28},"3":{"name":"(anonymous_3)","decl":{"start":{"line":41,"column":30},"end":{"line":41,"column":31}},"loc":{"start":{"line":41,"column":44},"end":{"line":48,"column":1}},"line":41},"4":{"name":"(anonymous_4)","decl":{"start":{"line":50,"column":33},"end":{"line":50,"column":34}},"loc":{"start":{"line":50,"column":58},"end":{"line":64,"column":1}},"line":50},"5":{"name":"(anonymous_5)","decl":{"start":{"line":66,"column":37},"end":{"line":66,"column":38}},"loc":{"start":{"line":66,"column":65},"end":{"line":71,"column":1}},"line":66}},"branchMap":{"0":{"loc":{"start":{"line":2,"column":2},"end":{"line":2,"column":58}},"type":"if","locations":[{"start":{"line":2,"column":2},"end":{"line":2,"column":58}},{"start":{},"end":{}}],"line":2},"1":{"loc":{"start":{"line":2,"column":6},"end":{"line":2,"column":43}},"type":"binary-expr","locations":[{"start":{"line":2,"column":6},"end":{"line":2,"column":25}},{"start":{"line":2,"column":29},"end":{"line":2,"column":43}}],"line":2},"2":{"loc":{"start":{"line":3,"column":2},"end":{"line":5,"column":3}},"type":"if","locations":[{"start":{"line":3,"column":2},"end":{"line":5,"column":3}},{"start":{},"end":{}}],"line":3},"3":{"loc":{"start":{"line":6,"column":2},"end":{"line":8,"column":3}},"type":"if","locations":[{"start":{"line":6,"column":2},"end":{"line":8,"column":3}},{"start":{},"end":{}}],"line":6},"4":{"loc":{"start":{"line":16,"column":2},"end":{"line":16,"column":24}},"type":"if","locations":[{"start":{"line":16,"column":2},"end":{"line":16,"column":24}},{"start":{},"end":{}}],"line":16},"5":{"loc":{"start":{"line":17,"column":20},"end":{"line":17,"column":53}},"type":"cond-expr","locations":[{"start":{"line":17,"column":39},"end":{"line":17,"column":48}},{"start":{"line":17,"column":51},"end":{"line":17,"column":53}}],"line":17},"6":{"loc":{"start":{"line":19,"column":2},"end":{"line":19,"column":42}},"type":"if","locations":[{"start":{"line":19,"column":2},"end":{"line":19,"column":42}},{"start":{},"end":{}}],"line":19},"7":{"loc":{"start":{"line":29,"column":2},"end":{"line":29,"column":24}},"type":"if","locations":[{"start":{"line":29,"column":2},"end":{"line":29,"column":24}},{"start":{},"end":{}}],"line":29},"8":{"loc":{"start":{"line":30,"column":20},"end":{"line":30,"column":53}},"type":"cond-expr","locations":[{"start":{"line":30,"column":39},"end":{"line":30,"column":48}},{"start":{"line":30,"column":51},"end":{"line":30,"column":53}}],"line":30},"9":{"loc":{"start":{"line":32,"column":2},"end":{"line":32,"column":42}},"type":"if","locations":[{"start":{"line":32,"column":2},"end":{"line":32,"column":42}},{"start":{},"end":{}}],"line":32},"10":{"loc":{"start":{"line":51,"column":2},"end":{"line":51,"column":24}},"type":"if","locations":[{"start":{"line":51,"column":2},"end":{"line":51,"column":24}},{"start":{},"end":{}}],"line":51},"11":{"loc":{"start":{"line":52,"column":20},"end":{"line":52,"column":53}},"type":"cond-expr","locations":[{"start":{"line":52,"column":39},"end":{"line":52,"column":48}},{"start":{"line":52,"column":51},"end":{"line":52,"column":53}}],"line":52},"12":{"loc":{"start":{"line":54,"column":2},"end":{"line":54,"column":42}},"type":"if","locations":[{"start":{"line":54,"column":2},"end":{"line":54,"column":42}},{"start":{},"end":{}}],"line":54},"13":{"loc":{"start":{"line":67,"column":2},"end":{"line":67,"column":45}},"type":"if","locations":[{"start":{"line":67,"column":2},"end":{"line":67,"column":45}},{"start":{},"end":{}}],"line":67},"14":{"loc":{"start":{"line":68,"column":2},"end":{"line":68,"column":45}},"type":"if","locations":[{"start":{"line":68,"column":2},"end":{"line":68,"column":45}},{"start":{},"end":{}}],"line":68},"15":{"loc":{"start":{"line":69,"column":2},"end":{"line":69,"column":43}},"type":"if","locations":[{"start":{"line":69,"column":2},"end":{"line":69,"column":43}},{"start":{},"end":{}}],"line":69}},"s":{"0":2,"1":11,"2":2,"3":9,"4":3,"5":6,"6":2,"7":4,"8":2,"9":5,"10":3,"11":2,"12":2,"13":2,"14":0,"15":2,"16":2,"17":4,"18":2,"19":2,"20":2,"21":2,"22":0,"23":2,"24":2,"25":2,"26":2,"27":2,"28":1,"29":2,"30":5,"31":2,"32":3,"33":3,"34":3,"35":0,"36":3,"37":3,"38":3,"39":3,"40":3,"41":3,"42":3,"43":2,"44":12,"45":4,"46":8,"47":3,"48":5,"49":3,"50":2},"f":{"0":11,"1":5,"2":4,"3":1,"4":5,"5":12},"b":{"0":[2,9],"1":[11,10],"2":[3,6],"3":[2,4],"4":[3,2],"5":[1,1],"6":[0,2],"7":[2,2],"8":[1,1],"9":[0,2],"10":[2,3],"11":[1,2],"12":[0,3],"13":[4,8],"14":[3,5],"15":[3,2]},"_coverageSchema":"1a1c01bbd47fc00a2c39e90264f33305004495a9","hash":"96f7aa3cc4d1ceb42bd1e7e60c849b0dd655ec8f"}
}
