TN:
SF:src\index.tsx
FNF:0
FNH:0
DA:6,0
DA:9,0
LF:2
LH:0
BRF:0
BRH:0
end_of_record
TN:
SF:src\App\App.tsx
FN:5,App
FNF:1
FNH:1
FNDA:2,App
DA:6,2
LF:1
LH:1
BRF:0
BRH:0
end_of_record
TN:
SF:src\components\Dashboard\Dashboard.tsx
FN:8,(anonymous_0)
FN:37,(anonymous_1)
FNF:2
FNH:2
FNDA:10,(anonymous_0)
FNDA:30,(anonymous_1)
DA:8,1
DA:10,10
DA:12,10
DA:13,10
DA:15,10
DA:38,30
DA:39,30
DA:40,30
DA:42,30
DA:46,30
DA:47,17
DA:50,13
LF:12
LH:12
BRDA:13,0,0,10
BRDA:13,0,1,6
BRDA:21,1,0,6
BRDA:21,1,1,4
BRDA:25,2,0,6
BRDA:25,2,1,4
BRDA:29,3,0,10
BRDA:29,3,1,4
BRDA:42,4,0,30
BRDA:42,4,1,13
BRDA:42,4,2,13
BRDA:46,5,0,17
BRDA:46,5,1,13
BRDA:46,6,0,30
BRDA:46,6,1,15
BRF:15
BRH:15
end_of_record
TN:
SF:src\components\PriceCard\PriceCard.tsx
FN:12,(anonymous_0)
FNF:1
FNH:1
FNDA:10,(anonymous_0)
DA:12,1
DA:20,10
DA:21,10
DA:23,10
LF:4
LH:4
BRDA:33,0,0,10
BRDA:33,0,1,6
BRDA:33,0,2,3
BRF:3
BRH:3
end_of_record
TN:
SF:src\components\PriceCard\CardFooter\CardFooter.tsx
FN:11,(anonymous_0)
FNF:1
FNH:1
FNDA:12,(anonymous_0)
DA:11,1
DA:16,12
DA:17,12
DA:21,12
LF:4
LH:4
BRDA:16,0,0,3
BRDA:16,0,1,9
BRDA:17,1,0,2
BRDA:17,1,1,10
BRDA:17,2,0,12
BRDA:17,2,1,3
BRDA:27,3,0,12
BRDA:27,3,1,2
BRF:8
BRH:8
end_of_record
TN:
SF:src\components\PriceCard\CardHeader\CardHeader.tsx
FN:8,(anonymous_0)
FNF:1
FNH:1
FNDA:6,(anonymous_0)
DA:8,1
DA:9,6
LF:2
LH:2
BRF:0
BRH:0
end_of_record
TN:
SF:src\components\PriceCard\HourlyAverage\HourlyAverage.tsx
FN:10,(anonymous_0)
FNF:1
FNH:1
FNDA:8,(anonymous_0)
DA:10,1
DA:11,8
LF:2
LH:2
BRDA:15,0,0,8
BRDA:15,0,1,7
BRF:2
BRH:2
end_of_record
TN:
SF:src\components\PriceCard\PriceCardSkeleton\PriceCardSkeleton.tsx
FN:4,(anonymous_0)
FN:25,(anonymous_1)
FNF:2
FNH:2
FNDA:34,(anonymous_0)
FNDA:340,(anonymous_1)
DA:4,2
DA:5,34
DA:26,340
LF:3
LH:3
BRF:0
BRH:0
end_of_record
TN:
SF:src\components\PriceCard\PriceChart\PriceChart.tsx
FN:15,(anonymous_0)
FN:16,(anonymous_1)
FN:23,(anonymous_2)
FN:31,(anonymous_3)
FN:32,(anonymous_4)
FN:37,(anonymous_5)
FN:48,(anonymous_6)
FN:56,(anonymous_7)
FNF:8
FNH:6
FNDA:26,(anonymous_0)
FNDA:26,(anonymous_1)
FNDA:58,(anonymous_2)
FNDA:58,(anonymous_3)
FNDA:34,(anonymous_4)
FNDA:26,(anonymous_5)
FNDA:0,(anonymous_6)
FNDA:0,(anonymous_7)
DA:15,1
DA:16,26
DA:17,26
DA:19,24
DA:20,24
DA:22,24
DA:24,58
DA:25,58
DA:31,58
DA:32,34
DA:34,24
DA:37,26
DA:38,26
DA:39,22
DA:40,22
DA:41,22
DA:44,26
DA:45,2
DA:48,24
DA:49,0
DA:50,0
DA:56,24
DA:57,0
DA:58,0
DA:59,0
DA:66,0
DA:69,24
LF:27
LH:21
BRDA:17,0,0,2
BRDA:17,0,1,24
BRDA:17,1,0,26
BRDA:17,1,1,25
BRDA:24,2,0,4
BRDA:24,2,1,54
BRDA:38,3,0,4
BRDA:38,3,1,22
BRDA:44,4,0,2
BRDA:44,4,1,24
BRDA:57,5,0,0
BRDA:57,5,1,0
BRDA:57,6,0,0
BRDA:57,6,1,0
BRDA:57,6,2,0
BRDA:88,7,0,16
BRDA:88,7,1,8
BRF:17
BRH:12
end_of_record
TN:
SF:src\components\PriceCard\PriceDisplay\PriceDisplay.tsx
FN:11,(anonymous_0)
FNF:1
FNH:1
FNDA:7,(anonymous_0)
DA:11,1
DA:12,7
LF:2
LH:2
BRDA:17,0,0,1
BRDA:17,0,1,6
BRDA:19,1,0,1
BRDA:19,1,1,5
BRF:4
BRH:4
end_of_record
TN:
SF:src\components\PriceCard\hooks\usePriceTrend.ts
FN:10,(anonymous_0)
FN:13,(anonymous_1)
FN:17,(anonymous_2)
FN:24,(anonymous_3)
FNF:4
FNH:4
FNDA:10,(anonymous_0)
FNDA:10,(anonymous_1)
FNDA:16,(anonymous_2)
FNDA:9,(anonymous_3)
DA:10,2
DA:13,10
DA:14,10
DA:16,7
DA:17,16
DA:24,9
DA:26,7
DA:27,7
DA:29,7
DA:30,3
DA:31,1
LF:11
LH:11
BRDA:14,0,0,3
BRDA:14,0,1,7
BRDA:14,1,0,10
BRDA:14,1,1,9
BRDA:19,2,0,2
BRDA:19,2,1,14
BRDA:29,3,0,4
BRDA:29,3,1,3
BRDA:30,4,0,2
BRDA:30,4,1,1
BRF:10
BRH:10
end_of_record
TN:
SF:src\components\PriceCard\hooks\useTimestamp.ts
FN:4,(anonymous_0)
FN:5,(anonymous_1)
FNF:2
FNH:2
FNDA:8,(anonymous_0)
FNDA:7,(anonymous_1)
DA:4,2
DA:5,8
DA:6,7
DA:7,6
LF:4
LH:4
BRDA:6,0,0,1
BRDA:6,0,1,6
BRF:2
BRH:2
end_of_record
TN:
SF:src\constants\crypto.ts
FNF:0
FNH:0
DA:1,1
DA:7,1
LF:2
LH:2
BRF:0
BRH:0
end_of_record
TN:
SF:src\hooks\useCryptoPrices.ts
FN:21,(anonymous_0)
FN:31,(anonymous_1)
FN:34,(anonymous_2)
FN:35,(anonymous_3)
FN:37,(anonymous_4)
FN:40,(anonymous_5)
FN:42,(anonymous_6)
FN:52,(anonymous_7)
FN:55,(anonymous_8)
FN:64,(anonymous_9)
FN:69,(anonymous_10)
FN:81,(anonymous_11)
FN:87,(anonymous_12)
FN:88,(anonymous_13)
FN:106,(anonymous_14)
FN:107,(anonymous_15)
FN:112,(anonymous_16)
FN:113,(anonymous_17)
FN:123,(anonymous_18)
FNF:19
FNH:19
FNDA:27,(anonymous_0)
FNDA:14,(anonymous_1)
FNDA:2,(anonymous_2)
FNDA:1,(anonymous_3)
FNDA:2,(anonymous_4)
FNDA:2,(anonymous_5)
FNDA:2,(anonymous_6)
FNDA:5,(anonymous_7)
FNDA:5,(anonymous_8)
FNDA:5,(anonymous_9)
FNDA:2,(anonymous_10)
FNDA:1,(anonymous_11)
FNDA:1,(anonymous_12)
FNDA:1,(anonymous_13)
FNDA:1,(anonymous_14)
FNDA:1,(anonymous_15)
FNDA:1,(anonymous_16)
FNDA:1,(anonymous_17)
FNDA:14,(anonymous_18)
DA:21,2
DA:22,27
DA:23,27
DA:26,27
DA:29,27
DA:31,27
DA:32,14
DA:34,14
DA:35,14
DA:37,14
DA:38,2
DA:40,2
DA:41,2
DA:42,2
DA:43,2
DA:46,2
DA:48,2
DA:52,14
DA:53,5
DA:55,5
DA:64,5
DA:65,5
DA:66,5
DA:67,5
DA:69,5
DA:70,2
DA:71,2
DA:74,5
DA:81,14
DA:84,1
DA:87,14
DA:88,1
DA:94,14
DA:95,14
DA:96,14
DA:97,14
DA:99,14
DA:100,14
DA:101,14
DA:102,14
DA:103,14
DA:106,14
DA:107,1
DA:108,1
DA:109,1
DA:110,1
DA:112,1
DA:113,1
DA:114,1
DA:115,1
DA:119,1
DA:123,14
DA:124,14
DA:125,14
DA:126,14
DA:127,14
DA:128,14
DA:129,14
DA:130,14
DA:131,14
DA:133,14
DA:137,27
LF:62
LH:62
BRDA:43,0,0,1
BRDA:43,0,1,1
BRDA:53,1,0,0
BRDA:53,1,1,5
BRDA:65,2,0,5
BRDA:65,2,1,3
BRDA:70,3,0,0
BRDA:70,3,1,2
BRDA:100,4,0,14
BRDA:100,4,1,0
BRDA:114,5,0,0
BRDA:114,5,1,1
BRDA:129,6,0,14
BRDA:129,6,1,0
BRF:14
BRH:9
end_of_record
TN:
SF:src\services\websocket.service.ts
FN:26,(anonymous_0)
FN:40,(anonymous_1)
FN:52,(anonymous_2)
FN:57,(anonymous_3)
FN:62,(anonymous_4)
FN:69,(anonymous_5)
FN:73,(anonymous_6)
FN:77,(anonymous_7)
FN:83,(anonymous_8)
FN:87,(anonymous_9)
FN:95,(anonymous_10)
FNF:11
FNH:10
FNDA:2,(anonymous_0)
FNDA:15,(anonymous_1)
FNDA:1,(anonymous_2)
FNDA:0,(anonymous_3)
FNDA:2,(anonymous_4)
FNDA:2,(anonymous_5)
FNDA:1,(anonymous_6)
FNDA:1,(anonymous_7)
FNDA:1,(anonymous_8)
FNDA:2,(anonymous_9)
FNDA:3,(anonymous_10)
DA:23,2
DA:27,2
DA:28,2
DA:29,0
DA:30,2
DA:34,2
DA:36,0
DA:41,15
DA:42,1
DA:45,14
DA:52,14
DA:53,1
DA:54,1
DA:57,14
DA:58,0
DA:63,2
DA:64,1
DA:65,1
DA:70,2
DA:74,1
DA:80,1
DA:84,1
DA:88,2
DA:89,1
DA:91,1
DA:96,3
DA:100,2
LF:27
LH:24
BRDA:28,0,0,0
BRDA:28,0,1,2
BRDA:30,1,0,2
BRDA:30,1,1,0
BRDA:31,2,0,2
BRDA:31,2,1,0
BRDA:41,3,0,1
BRDA:41,3,1,14
BRDA:63,4,0,1
BRDA:63,4,1,1
BRDA:88,5,0,1
BRDA:88,5,1,1
BRDA:96,6,0,3
BRDA:96,6,1,2
BRF:14
BRH:11
end_of_record
TN:
SF:src\types\price.ts
FNF:0
FNH:0
LF:0
LH:0
BRF:0
BRH:0
end_of_record
TN:
SF:src\utils\formatters.ts
FN:1,(anonymous_0)
FN:15,(anonymous_1)
FN:28,(anonymous_2)
FN:41,(anonymous_3)
FN:50,(anonymous_4)
FN:66,(anonymous_5)
FNF:6
FNH:6
FNDA:11,(anonymous_0)
FNDA:5,(anonymous_1)
FNDA:4,(anonymous_2)
FNDA:1,(anonymous_3)
FNDA:5,(anonymous_4)
FNDA:12,(anonymous_5)
DA:1,2
DA:2,11
DA:3,9
DA:4,3
DA:6,6
DA:7,2
DA:9,4
DA:15,2
DA:16,5
DA:17,2
DA:18,2
DA:19,2
DA:20,2
DA:28,2
DA:29,4
DA:30,2
DA:31,2
DA:32,2
DA:34,2
DA:35,2
DA:36,2
DA:38,2
DA:41,2
DA:42,1
DA:50,2
DA:51,5
DA:52,3
DA:53,3
DA:54,3
DA:56,3
DA:57,3
DA:58,3
DA:59,3
DA:60,3
DA:61,3
DA:63,3
DA:66,2
DA:67,12
DA:68,8
DA:69,5
DA:70,2
LF:41
LH:41
BRDA:2,0,0,2
BRDA:2,0,1,9
BRDA:2,1,0,11
BRDA:2,1,1,10
BRDA:3,2,0,3
BRDA:3,2,1,6
BRDA:6,3,0,2
BRDA:6,3,1,4
BRDA:16,4,0,3
BRDA:16,4,1,2
BRDA:17,5,0,1
BRDA:17,5,1,1
BRDA:19,6,0,0
BRDA:19,6,1,2
BRDA:29,7,0,2
BRDA:29,7,1,2
BRDA:30,8,0,1
BRDA:30,8,1,1
BRDA:32,9,0,0
BRDA:32,9,1,2
BRDA:51,10,0,2
BRDA:51,10,1,3
BRDA:52,11,0,1
BRDA:52,11,1,2
BRDA:54,12,0,0
BRDA:54,12,1,3
BRDA:67,13,0,4
BRDA:67,13,1,8
BRDA:68,14,0,3
BRDA:68,14,1,5
BRDA:69,15,0,3
BRDA:69,15,1,2
BRF:32
BRH:29
end_of_record
